<?xml version="1.0" encoding="UTF-8"?>
<!-- Generated by org.testng.reporters.JUnitReportReporter -->
<testsuite hostname="heater" name="com.sundeepmachado.WhatsApp" tests="1" failures="0" timestamp="29 Mar 2015 09:54:03 GMT" time="17.303" errors="0">
  <testcase name="whatsAppinstall" time="17.303" classname="com.sundeepmachado.WhatsApp"/>
</testsuite> <!-- com.sundeepmachado.WhatsApp -->
